INFO:root:Router: A Received from PE at clock cycle: 3 Flit received: 00000000000000000000000000010000
INFO:root:Router: A Received from PE at clock cycle: 6 Flit received: 10101010010101011010101010101001
INFO:root:Router: A Received from PE at clock cycle: 9 Flit received: 10101010010101010110101101010111
INFO:root:Router: B Received from A at clock cycle: 12 Flit received: 00000000000000000000000000010000
INFO:root:Router: B Received from A at clock cycle: 15 Flit received: 10101010010101011010101010101001
INFO:root:Router: B Received from A at clock cycle: 18 Flit received: 10101010010101010110101101010111
INFO:root:Router: C Received from PE at clock cycle: 21 Flit received: 00000000000100000000000000001000
INFO:root:Router: C Received from PE at clock cycle: 24 Flit received: 10101010010101011010101010101001
INFO:root:Router: C Received from PE at clock cycle: 27 Flit received: 10101010010101010110101101010111
INFO:root:Router: F Received from C at clock cycle: 30 Flit received: 00000000000100000000000000001000
INFO:root:Router: F Received from C at clock cycle: 33 Flit received: 10101010010101011010101010101001
INFO:root:Router: F Received from C at clock cycle: 36 Flit received: 10101010010101010110101101010111
INFO:root:Router: I Received from F at clock cycle: 39 Flit received: 00000000000100000000000000001000
INFO:root:Router: I Received from F at clock cycle: 42 Flit received: 10101010010101011010101010101001
INFO:root:Router: I Received from F at clock cycle: 45 Flit received: 10101010010101010110101101010111
INFO:root:Router: H Received from I at clock cycle: 48 Flit received: 00000000000100000000000000001000
INFO:root:Router: H Received from I at clock cycle: 51 Flit received: 10101010010101011010101010101001
INFO:root:Router: H Received from I at clock cycle: 54 Flit received: 10101010010101010110101101010111
INFO:root:Router: G Received from H at clock cycle: 57 Flit received: 00000000000100000000000000001000
INFO:root:Router: G Received from H at clock cycle: 60 Flit received: 10101010010101011010101010101001
INFO:root:Router: G Received from H at clock cycle: 63 Flit received: 10101010010101010110101101010111
INFO:root:Router: A Received from PE at clock cycle: 81 Flit received: 00000000000000000000000000101000
INFO:root:Router: A Received from PE at clock cycle: 84 Flit received: 10101010010101011010101010101001
INFO:root:Router: A Received from PE at clock cycle: 87 Flit received: 10101010010101010110101101010111
INFO:root:Router: D Received from A at clock cycle: 90 Flit received: 00000000000000000000000000101000
INFO:root:Router: D Received from A at clock cycle: 93 Flit received: 10101010010101011010101010101001
INFO:root:Router: D Received from A at clock cycle: 96 Flit received: 10101010010101010110101101010111
INFO:root:Router: G Received from D at clock cycle: 99 Flit received: 00000000000000000000000000101000
INFO:root:Router: G Received from D at clock cycle: 102 Flit received: 10101010010101011010101010101001
INFO:root:Router: G Received from D at clock cycle: 105 Flit received: 10101010010101010110101101010111
INFO:root:Router: H Received from G at clock cycle: 108 Flit received: 00000000000000000000000000101000
INFO:root:Router: H Received from G at clock cycle: 111 Flit received: 10101010010101011010101010101001
INFO:root:Router: H Received from G at clock cycle: 114 Flit received: 10101010010101010110101101010111
INFO:root:Router: I Received from H at clock cycle: 117 Flit received: 00000000000000000000000000101000
INFO:root:Router: I Received from H at clock cycle: 120 Flit received: 10101010010101011010101010101001
INFO:root:Router: I Received from H at clock cycle: 123 Flit received: 10101010010101010110101101010111
